current file clean_en_test.csv
total row count 319999
malformed row count 0
current file clean_afr-pcm_dev.csv
total row count 1281
malformed row count 0
current file clean_afr-tir_dev.csv
total row count 398
malformed row count 0
current file clean_afr-hau_test.csv
total row count 5303
malformed row count 0
current file clean_afr-twi_train.csv
total row count 3481
malformed row count 0
current file clean_afr-por_train.csv
total row count 3063
malformed row count 0
current file clean_afr-por_dev.csv
total row count 767
malformed row count 0
current file clean_afr-tir_train.csv
total row count 1439
malformed row count 0
current file clean_es-ES_test.csv
total row count 0
malformed row count 0
current file clean_afr-arq_dev.csv
total row count 414
malformed row count 0
current file clean_es-PE_test.csv
total row count 0
malformed row count 0
current file clean_afr-yor_test.csv
total row count 4515
malformed row count 0
current file clean_es-MX_train.csv
total row count 896
malformed row count 0
current file clean_afr-orm_test.csv
total row count 497
malformed row count 0
current file clean_afr-kin_train.csv
total row count 3302
malformed row count 0
current file clean_afr-yor_train.csv
total row count 8522
malformed row count 0
current file clean_afr-ibo_dev.csv
total row count 1841
malformed row count 0
current file clean_es-CR_test.csv
total row count 0
malformed row count 0
current file clean_afr-amh_test.csv
total row count 1999
malformed row count 0
current file clean_en_train.csv
total row count 959999
malformed row count 0
current file clean_afr-hau_dev.csv
total row count 2677
malformed row count 0
current file clean_afr-orm_dev.csv
total row count 497
malformed row count 0
current file clean_afr-por_test.csv
total row count 3662
malformed row count 0
current file clean_afr-kin_test.csv
total row count 1026
malformed row count 0
current file clean_afr-pcm_train.csv
total row count 5121
malformed row count 0
current file clean_afr-twi_test.csv
total row count 949
malformed row count 0
current file clean_es-UY_train.csv
total row count 849
malformed row count 0
current file clean_afr-ary_train.csv
total row count 5583
malformed row count 0
current file clean_afr-swa_dev.csv
total row count 453
malformed row count 0
current file clean_afr-swa_train.csv
total row count 1810
malformed row count 0
current file clean_afr-ary_dev.csv
total row count 494
malformed row count 0
current file clean_afr-ibo_test.csv
total row count 3682
malformed row count 0
current file clean_afr-amh_train.csv
total row count 5984
malformed row count 0
current file clean_es-PE_dev.csv
total row count 268
malformed row count 0
current file clean_afr-hau_train.csv
total row count 14172
malformed row count 0
current file clean_afr-swa_test.csv
total row count 748
malformed row count 0
current file clean_afr-tso_train.csv
total row count 804
malformed row count 0
current file clean_es-UY_test.csv
total row count 0
malformed row count 0
current file clean_afr-orm_train.csv
total row count 1495
malformed row count 0
current file clean_es-ES_dev.csv
total row count 517
malformed row count 0
current file clean_es-UY_dev.csv
total row count 435
malformed row count 0
current file clean_afr-ary_test.csv
total row count 2961
malformed row count 0
current file clean_afr-arq_train.csv
total row count 1651
malformed row count 0
current file clean_afr-twi_dev.csv
total row count 388
malformed row count 0
current file clean_afr-tso_test.csv
total row count 254
malformed row count 0
current file clean_es-PE_train.csv
total row count 614
malformed row count 0
current file clean_afr-tir_test.csv
total row count 2000
malformed row count 0
current file clean_afr-tso_dev.csv
total row count 203
malformed row count 0
current file clean_afr-amh_dev.csv
total row count 1497
malformed row count 0
current file clean_es-MX_test.csv
total row count 0
malformed row count 0
current file clean_es-ES_train.csv
total row count 968
malformed row count 0
current file clean_afr-kin_dev.csv
total row count 827
malformed row count 0
current file clean_es-MX_dev.csv
total row count 462
malformed row count 0
current file clean_es-CR_train.csv
total row count 622
malformed row count 0
current file clean_afr-yor_dev.csv
total row count 2090
malformed row count 0
current file clean_afr-pcm_test.csv
total row count 4154
malformed row count 0
current file clean_en_dev.csv
total row count 319999
malformed row count 0
current file clean_es-CR_dev.csv
total row count 318
malformed row count 0
current file clean_afr-arq_test.csv
total row count 958
malformed row count 0
current file clean_afr-ibo_train.csv
total row count 10192
malformed row count 0
